<?xml version="1.0" encoding="UTF-8"?>
<!-- Generated by org.testng.reporters.JUnitXMLReporter -->
<testsuite ignored="0" hostname="DESKTOP-1UR5ED5" failures="0" tests="9" name="NAL Test cases Executions" time="83.585" errors="0" timestamp="29 Sep 2023 06:33:15 GMT">
  <testcase classname="com.hrm.qa.testcases.AccountInfoPageTest" name="accountInfoPageTitleTest" time="3.706"/>
  <testcase classname="com.hrm.qa.testcases.AccountInfoPageTest" name="clickOnContinueBtnTest" time="2.638"/>
  <testcase classname="com.hrm.qa.testcases.AccountInfoPageTest" name="verifyEditYourAccInfoTest" time="3.746"/>
  <testcase classname="com.hrm.qa.testcases.DashBoardPageTest" name="dashboardPageTitleTest" time="0.017"/>
  <testcase classname="com.hrm.qa.testcases.DashBoardPageTest" name="verifyEditYourAccInfoTest" time="1.896"/>
  <testcase classname="com.hrm.qa.testcases.DesktopPageTest" name="moveToDesktopLinkTest" time="1.437"/>
  <testcase classname="com.hrm.qa.testcases.LoginPageTest" name="loginPageTitleTest" time="0.016"/>
  <testcase classname="com.hrm.qa.testcases.LoginPageTest" name="loginTest" time="1.247"/>
  <testcase classname="com.hrm.qa.testcases.LoginPageTest" name="nalLogoTest" time="0.059"/>
</testsuite> <!-- NAL Test cases Executions -->
