<?xml version="1.0" encoding="UTF-8"?>
<!-- Generated by org.testng.reporters.JUnitXMLReporter -->
<testsuite ignored="0" hostname="DESKTOP-1UR5ED5" failures="0" tests="9" name="NAL Test cases Executions" time="77.155" errors="0" timestamp="28 Sep 2023 12:40:08 GMT">
  <testcase classname="com.hrm.qa.testcases.AccountInfoPageTest" name="accountInfoPageTitleTest" time="1.45"/>
  <testcase classname="com.hrm.qa.testcases.AccountInfoPageTest" name="clickOnContinueBtnTest" time="2.448"/>
  <testcase classname="com.hrm.qa.testcases.AccountInfoPageTest" name="verifyEditYourAccInfoTest" time="1.455"/>
  <testcase classname="com.hrm.qa.testcases.DashBoardPageTest" name="dashboardPageTitleTest" time="0.029"/>
  <testcase classname="com.hrm.qa.testcases.DashBoardPageTest" name="verifyEditYourAccInfoTest" time="1.106"/>
  <testcase classname="com.hrm.qa.testcases.DesktopPageTest" name="moveToDesktopLinkTest" time="1.395"/>
  <testcase classname="com.hrm.qa.testcases.LoginPageTest" name="loginPageTitleTest" time="0.017"/>
  <testcase classname="com.hrm.qa.testcases.LoginPageTest" name="loginTest" time="1.168"/>
  <testcase classname="com.hrm.qa.testcases.LoginPageTest" name="nalLogoTest" time="0.037"/>
</testsuite> <!-- NAL Test cases Executions -->
