<?xml version="1.0" encoding="UTF-8"?>
<!-- Generated by org.testng.reporters.JUnitXMLReporter -->
<testsuite ignored="0" hostname="DESKTOP-1UR5ED5" failures="0" tests="9" name="Surefire test" time="84.765" errors="0" timestamp="29 Sep 2023 07:43:29 GMT">
  <testcase classname="com.hrm.qa.testcases.AccountInfoPageTest" name="accountInfoPageTitleTest" time="1.654"/>
  <testcase classname="com.hrm.qa.testcases.AccountInfoPageTest" name="clickOnContinueBtnTest" time="2.457"/>
  <testcase classname="com.hrm.qa.testcases.AccountInfoPageTest" name="verifyEditYourAccInfoTest" time="1.418"/>
  <testcase classname="com.hrm.qa.testcases.DashBoardPageTest" name="dashboardPageTitleTest" time="0.033"/>
  <testcase classname="com.hrm.qa.testcases.DashBoardPageTest" name="verifyEditYourAccInfoTest" time="1.537"/>
  <testcase classname="com.hrm.qa.testcases.DesktopPageTest" name="moveToDesktopLinkTest" time="2.452"/>
  <testcase classname="com.hrm.qa.testcases.LoginPageTest" name="loginPageTitleTest" time="0.017"/>
  <testcase classname="com.hrm.qa.testcases.LoginPageTest" name="loginTest" time="1.321"/>
  <testcase classname="com.hrm.qa.testcases.LoginPageTest" name="nalLogoTest" time="0.069"/>
</testsuite> <!-- Surefire test -->
