<?xml version="1.0" encoding="UTF-8"?>
<testsuite xmlns:xsi="http://www.w3.org/2001/XMLSchema-instance" xsi:noNamespaceSchemaLocation="https://maven.apache.org/surefire/maven-surefire-plugin/xsd/surefire-test-report.xsd" name="TestSuite" time="85.795" tests="9" errors="0" skipped="0" failures="0">
  <properties>
[...]
</properties>
  <testcase name="accountInfoPageTitleTest" classname="com.hrm.qa.testcases.AccountInfoPageTest" time="1.667"/>
  <testcase name="clickOnContinueBtnTest" classname="com.hrm.qa.testcases.AccountInfoPageTest" time="2.457"/>
  <testcase name="verifyEditYourAccInfoTest" classname="com.hrm.qa.testcases.AccountInfoPageTest" time="1.418"/>
  <testcase name="dashboardPageTitleTest" classname="com.hrm.qa.testcases.DashBoardPageTest" time="0.033"/>
  <testcase name="verifyEditYourAccInfoTest" classname="com.hrm.qa.testcases.DashBoardPageTest" time="1.535"/>
  <testcase name="moveToDesktopLinkTest" classname="com.hrm.qa.testcases.DesktopPageTest" time="2.45"/>
  <testcase name="loginPageTitleTest" classname="com.hrm.qa.testcases.LoginPageTest" time="0.016"/>
  <testcase name="loginTest" classname="com.hrm.qa.testcases.LoginPageTest" time="1.322"/>
  <testcase name="nalLogoTest" classname="com.hrm.qa.testcases.LoginPageTest" time="0.069"/>
</testsuite>