<?xml version="1.0" encoding="UTF-8"?>
<testng-results ignored="0" total="9" passed="9" failed="0" skipped="0">
  <reporter-output>
  </reporter-output>
  <suite started-at="2023-09-29T06:31:52Z" name="Naveen AutomationLabs Application" finished-at="2023-09-29T06:33:15Z" duration-ms="83585">
    <groups>
    </groups>
    <test started-at="2023-09-29T06:31:52Z" name="NAL Test cases Executions" finished-at="2023-09-29T06:33:15Z" duration-ms="83585">
      <class name="com.hrm.qa.testcases.LoginPageTest">
        <test-method is-config="true" signature="setUp()[pri:0, instance:com.hrm.qa.testcases.LoginPageTest@275bf9b3]" started-at="2023-09-29T06:32:55Z" name="setUp" finished-at="2023-09-29T06:33:02Z" duration-ms="6390" status="PASS">
          <reporter-output>
          </reporter-output>
        </test-method> <!-- setUp -->
        <test-method signature="loginPageTitleTest()[pri:0, instance:com.hrm.qa.testcases.LoginPageTest@275bf9b3]" started-at="2023-09-29T06:33:02Z" name="loginPageTitleTest" finished-at="2023-09-29T06:33:02Z" duration-ms="16" status="PASS">
          <reporter-output>
          </reporter-output>
        </test-method> <!-- loginPageTitleTest -->
        <test-method is-config="true" signature="tearDown()[pri:0, instance:com.hrm.qa.testcases.LoginPageTest@275bf9b3]" started-at="2023-09-29T06:33:02Z" name="tearDown" finished-at="2023-09-29T06:33:02Z" duration-ms="323" status="PASS">
          <reporter-output>
          </reporter-output>
        </test-method> <!-- tearDown -->
        <test-method is-config="true" signature="setUp()[pri:0, instance:com.hrm.qa.testcases.LoginPageTest@275bf9b3]" started-at="2023-09-29T06:33:02Z" name="setUp" finished-at="2023-09-29T06:33:08Z" duration-ms="5588" status="PASS">
          <reporter-output>
          </reporter-output>
        </test-method> <!-- setUp -->
        <test-method signature="loginTest()[pri:0, instance:com.hrm.qa.testcases.LoginPageTest@275bf9b3]" started-at="2023-09-29T06:33:08Z" name="loginTest" finished-at="2023-09-29T06:33:09Z" duration-ms="1247" status="PASS">
          <reporter-output>
          </reporter-output>
        </test-method> <!-- loginTest -->
        <test-method is-config="true" signature="tearDown()[pri:0, instance:com.hrm.qa.testcases.LoginPageTest@275bf9b3]" started-at="2023-09-29T06:33:09Z" name="tearDown" finished-at="2023-09-29T06:33:09Z" duration-ms="347" status="PASS">
          <reporter-output>
          </reporter-output>
        </test-method> <!-- tearDown -->
        <test-method is-config="true" signature="setUp()[pri:0, instance:com.hrm.qa.testcases.LoginPageTest@275bf9b3]" started-at="2023-09-29T06:33:09Z" name="setUp" finished-at="2023-09-29T06:33:15Z" duration-ms="5680" status="PASS">
          <reporter-output>
          </reporter-output>
        </test-method> <!-- setUp -->
        <test-method signature="nalLogoTest()[pri:0, instance:com.hrm.qa.testcases.LoginPageTest@275bf9b3]" started-at="2023-09-29T06:33:15Z" name="nalLogoTest" finished-at="2023-09-29T06:33:15Z" duration-ms="59" status="PASS">
          <reporter-output>
          </reporter-output>
        </test-method> <!-- nalLogoTest -->
        <test-method is-config="true" signature="tearDown()[pri:0, instance:com.hrm.qa.testcases.LoginPageTest@275bf9b3]" started-at="2023-09-29T06:33:15Z" name="tearDown" finished-at="2023-09-29T06:33:15Z" duration-ms="251" status="PASS">
          <reporter-output>
          </reporter-output>
        </test-method> <!-- tearDown -->
      </class> <!-- com.hrm.qa.testcases.LoginPageTest -->
      <class name="com.hrm.qa.testcases.DesktopPageTest">
        <test-method is-config="true" signature="setUp()[pri:0, instance:com.hrm.qa.testcases.DesktopPageTest@7cb502c]" started-at="2023-09-29T06:32:46Z" name="setUp" finished-at="2023-09-29T06:32:54Z" duration-ms="7408" status="PASS">
          <reporter-output>
          </reporter-output>
        </test-method> <!-- setUp -->
        <test-method signature="moveToDesktopLinkTest()[pri:0, instance:com.hrm.qa.testcases.DesktopPageTest@7cb502c]" started-at="2023-09-29T06:32:54Z" name="moveToDesktopLinkTest" finished-at="2023-09-29T06:32:55Z" duration-ms="1437" status="PASS">
          <reporter-output>
          </reporter-output>
        </test-method> <!-- moveToDesktopLinkTest -->
        <test-method is-config="true" signature="tearDown()[pri:0, instance:com.hrm.qa.testcases.DesktopPageTest@7cb502c]" started-at="2023-09-29T06:32:55Z" name="tearDown" finished-at="2023-09-29T06:32:55Z" duration-ms="259" status="PASS">
          <reporter-output>
          </reporter-output>
        </test-method> <!-- tearDown -->
      </class> <!-- com.hrm.qa.testcases.DesktopPageTest -->
      <class name="com.hrm.qa.testcases.DashBoardPageTest">
        <test-method is-config="true" signature="setUp()[pri:0, instance:com.hrm.qa.testcases.DashBoardPageTest@398dada8]" started-at="2023-09-29T06:32:28Z" name="setUp" finished-at="2023-09-29T06:32:35Z" duration-ms="7161" status="PASS">
          <reporter-output>
          </reporter-output>
        </test-method> <!-- setUp -->
        <test-method signature="dashboardPageTitleTest()[pri:0, instance:com.hrm.qa.testcases.DashBoardPageTest@398dada8]" started-at="2023-09-29T06:32:35Z" name="dashboardPageTitleTest" finished-at="2023-09-29T06:32:35Z" duration-ms="17" status="PASS">
          <reporter-output>
          </reporter-output>
        </test-method> <!-- dashboardPageTitleTest -->
        <test-method is-config="true" signature="tearDown()[pri:0, instance:com.hrm.qa.testcases.DashBoardPageTest@398dada8]" started-at="2023-09-29T06:32:35Z" name="tearDown" finished-at="2023-09-29T06:32:36Z" duration-ms="241" status="PASS">
          <reporter-output>
          </reporter-output>
        </test-method> <!-- tearDown -->
        <test-method is-config="true" signature="setUp()[pri:0, instance:com.hrm.qa.testcases.DashBoardPageTest@398dada8]" started-at="2023-09-29T06:32:36Z" name="setUp" finished-at="2023-09-29T06:32:44Z" duration-ms="8386" status="PASS">
          <reporter-output>
          </reporter-output>
        </test-method> <!-- setUp -->
        <test-method signature="verifyEditYourAccInfoTest()[pri:0, instance:com.hrm.qa.testcases.DashBoardPageTest@398dada8]" started-at="2023-09-29T06:32:44Z" name="verifyEditYourAccInfoTest" finished-at="2023-09-29T06:32:46Z" duration-ms="1896" status="PASS">
          <reporter-output>
          </reporter-output>
        </test-method> <!-- verifyEditYourAccInfoTest -->
        <test-method is-config="true" signature="tearDown()[pri:0, instance:com.hrm.qa.testcases.DashBoardPageTest@398dada8]" started-at="2023-09-29T06:32:46Z" name="tearDown" finished-at="2023-09-29T06:32:46Z" duration-ms="328" status="PASS">
          <reporter-output>
          </reporter-output>
        </test-method> <!-- tearDown -->
      </class> <!-- com.hrm.qa.testcases.DashBoardPageTest -->
      <class name="com.hrm.qa.testcases.AccountInfoPageTest">
        <test-method is-config="true" signature="setUp()[pri:0, instance:com.hrm.qa.testcases.AccountInfoPageTest@3e2059ae]" started-at="2023-09-29T06:31:52Z" name="setUp" finished-at="2023-09-29T06:32:01Z" duration-ms="9301" status="PASS">
          <reporter-output>
          </reporter-output>
        </test-method> <!-- setUp -->
        <test-method signature="accountInfoPageTitleTest()[pri:0, instance:com.hrm.qa.testcases.AccountInfoPageTest@3e2059ae]" started-at="2023-09-29T06:32:01Z" name="accountInfoPageTitleTest" finished-at="2023-09-29T06:32:05Z" duration-ms="3706" status="PASS">
          <reporter-output>
          </reporter-output>
        </test-method> <!-- accountInfoPageTitleTest -->
        <test-method is-config="true" signature="tearDown()[pri:0, instance:com.hrm.qa.testcases.AccountInfoPageTest@3e2059ae]" started-at="2023-09-29T06:32:05Z" name="tearDown" finished-at="2023-09-29T06:32:05Z" duration-ms="395" status="PASS">
          <reporter-output>
          </reporter-output>
        </test-method> <!-- tearDown -->
        <test-method is-config="true" signature="setUp()[pri:0, instance:com.hrm.qa.testcases.AccountInfoPageTest@3e2059ae]" started-at="2023-09-29T06:32:05Z" name="setUp" finished-at="2023-09-29T06:32:13Z" duration-ms="7615" status="PASS">
          <reporter-output>
          </reporter-output>
        </test-method> <!-- setUp -->
        <test-method signature="clickOnContinueBtnTest()[pri:0, instance:com.hrm.qa.testcases.AccountInfoPageTest@3e2059ae]" started-at="2023-09-29T06:32:13Z" name="clickOnContinueBtnTest" finished-at="2023-09-29T06:32:16Z" duration-ms="2638" status="PASS">
          <reporter-output>
          </reporter-output>
        </test-method> <!-- clickOnContinueBtnTest -->
        <test-method is-config="true" signature="tearDown()[pri:0, instance:com.hrm.qa.testcases.AccountInfoPageTest@3e2059ae]" started-at="2023-09-29T06:32:16Z" name="tearDown" finished-at="2023-09-29T06:32:16Z" duration-ms="338" status="PASS">
          <reporter-output>
          </reporter-output>
        </test-method> <!-- tearDown -->
        <test-method is-config="true" signature="setUp()[pri:0, instance:com.hrm.qa.testcases.AccountInfoPageTest@3e2059ae]" started-at="2023-09-29T06:32:16Z" name="setUp" finished-at="2023-09-29T06:32:24Z" duration-ms="8129" status="PASS">
          <reporter-output>
          </reporter-output>
        </test-method> <!-- setUp -->
        <test-method signature="verifyEditYourAccInfoTest()[pri:0, instance:com.hrm.qa.testcases.AccountInfoPageTest@3e2059ae]" started-at="2023-09-29T06:32:24Z" name="verifyEditYourAccInfoTest" finished-at="2023-09-29T06:32:28Z" duration-ms="3746" status="PASS">
          <reporter-output>
          </reporter-output>
        </test-method> <!-- verifyEditYourAccInfoTest -->
        <test-method is-config="true" signature="tearDown()[pri:0, instance:com.hrm.qa.testcases.AccountInfoPageTest@3e2059ae]" started-at="2023-09-29T06:32:28Z" name="tearDown" finished-at="2023-09-29T06:32:28Z" duration-ms="315" status="PASS">
          <reporter-output>
          </reporter-output>
        </test-method> <!-- tearDown -->
      </class> <!-- com.hrm.qa.testcases.AccountInfoPageTest -->
    </test> <!-- NAL Test cases Executions -->
  </suite> <!-- Naveen AutomationLabs Application -->
</testng-results>
